<?xml version="1.0" encoding="UTF-8"?>
<testng-results skipped="1" failed="0" total="1" passed="0">
  <reporter-output>
  </reporter-output>
  <suite name="Default suite" duration-ms="63" started-at="2017-09-09T03:28:34Z" finished-at="2017-09-09T03:28:34Z">
    <groups>
    </groups>
    <test name="Default test" duration-ms="63" started-at="2017-09-09T03:28:34Z" finished-at="2017-09-09T03:28:34Z">
      <class name="com.testing.Cliniops.Cliniops_DriverScriptTest">
        <test-method status="FAIL" signature="beforeSuiteExecution()[pri:0, instance:com.testing.Cliniops.Cliniops_DriverScriptTest@15b007d]" name="beforeSuiteExecution" is-config="true" duration-ms="0" started-at="2017-09-08T20:27:40Z" finished-at="2017-09-08T20:27:40Z">
          <exception class="java.lang.NullPointerException">
            <full-stacktrace>
              <![CDATA[java.lang.NullPointerException
	at com.testing.Cliniops.Cliniops_ReusableMethodsTest.readSheet(Cliniops_ReusableMethodsTest.java:402)
	at com.testing.Cliniops.Cliniops_DriverScriptTest.beforeSuiteExecution(Cliniops_DriverScriptTest.java:22)
	at sun.reflect.NativeMethodAccessorImpl.invoke0(Native Method)
	at sun.reflect.NativeMethodAccessorImpl.invoke(NativeMethodAccessorImpl.java:62)
	at sun.reflect.DelegatingMethodAccessorImpl.invoke(DelegatingMethodAccessorImpl.java:43)
	at java.lang.reflect.Method.invoke(Method.java:498)
	at org.testng.internal.MethodInvocationHelper.invokeMethod(MethodInvocationHelper.java:85)
	at org.testng.internal.Invoker.invokeConfigurationMethod(Invoker.java:510)
	at org.testng.internal.Invoker.invokeConfigurations(Invoker.java:211)
	at org.testng.internal.Invoker.invokeConfigurations(Invoker.java:138)
	at org.testng.SuiteRunner.privateRun(SuiteRunner.java:298)
	at org.testng.SuiteRunner.run(SuiteRunner.java:261)
	at org.testng.SuiteRunnerWorker.runSuite(SuiteRunnerWorker.java:52)
	at org.testng.SuiteRunnerWorker.run(SuiteRunnerWorker.java:86)
	at org.testng.TestNG.runSuitesSequentially(TestNG.java:1215)
	at org.testng.TestNG.runSuitesLocally(TestNG.java:1140)
	at org.testng.TestNG.run(TestNG.java:1048)
	at org.testng.remote.AbstractRemoteTestNG.run(AbstractRemoteTestNG.java:132)
	at org.testng.remote.RemoteTestNG.initAndRun(RemoteTestNG.java:230)
	at org.testng.remote.RemoteTestNG.main(RemoteTestNG.java:76)
]]>
            </full-stacktrace>
          </exception> <!-- java.lang.NullPointerException -->
          <reporter-output>
          </reporter-output>
        </test-method> <!-- beforeSuiteExecution -->
        <test-method status="SKIP" signature="cliniopsDriver()[pri:0, instance:com.testing.Cliniops.Cliniops_DriverScriptTest@15b007d]" name="cliniopsDriver" duration-ms="0" started-at="2017-09-08T20:28:34Z" finished-at="2017-09-08T20:28:34Z">
          <reporter-output>
          </reporter-output>
        </test-method> <!-- cliniopsDriver -->
      </class> <!-- com.testing.Cliniops.Cliniops_DriverScriptTest -->
    </test> <!-- Default test -->
  </suite> <!-- Default suite -->
</testng-results>
