<?xml version="1.0" encoding="UTF-8"?>
<testng-results skipped="0" failed="0" total="1" passed="1">
  <reporter-output>
  </reporter-output>
  <suite name="Default suite" duration-ms="17557" started-at="2017-07-24T20:08:49Z" finished-at="2017-07-24T20:09:06Z">
    <groups>
    </groups>
    <test name="Default test" duration-ms="17557" started-at="2017-07-24T20:08:49Z" finished-at="2017-07-24T20:09:06Z">
      <class name="com.testing.Cliniops.Cliniops_DriverScriptTest">
        <test-method status="PASS" signature="cliniops_driver()[pri:0, instance:com.testing.Cliniops.Cliniops_DriverScriptTest@7dc7cbad]" name="cliniops_driver" duration-ms="17541" started-at="2017-07-24T13:08:49Z" finished-at="2017-07-24T13:09:06Z">
          <reporter-output>
          </reporter-output>
        </test-method> <!-- cliniops_driver -->
      </class> <!-- com.testing.Cliniops.Cliniops_DriverScriptTest -->
    </test> <!-- Default test -->
  </suite> <!-- Default suite -->
</testng-results>
